[debug] [2024-11-13T13:45:43.787Z] ----------------------------------------------------------------------
[debug] [2024-11-13T13:45:43.790Z] Command:       C:\Program Files\nodejs\node.exe C:\Users\Ahdfa\AppData\Roaming\npm\node_modules\firebase-tools\lib\bin\firebase.js init
[debug] [2024-11-13T13:45:43.790Z] CLI Version:   13.24.2
[debug] [2024-11-13T13:45:43.791Z] Platform:      win32
[debug] [2024-11-13T13:45:43.791Z] Node Version:  v20.17.0
[debug] [2024-11-13T13:45:43.791Z] Time:          Wed Nov 13 2024 18:45:43 GMT+0500 (Pakistan Standard Time)
[debug] [2024-11-13T13:45:43.791Z] ----------------------------------------------------------------------
[debug] 
[debug] [2024-11-13T13:45:43.794Z] >>> [apiv2][query] GET https://firebase-public.firebaseio.com/cli.json [none]
[debug] [2024-11-13T13:45:43.911Z] > command requires scopes: ["email","openid","https://www.googleapis.com/auth/cloudplatformprojects.readonly","https://www.googleapis.com/auth/firebase","https://www.googleapis.com/auth/cloud-platform"]
[debug] [2024-11-13T13:45:43.911Z] > authorizing via signed-in user (ahdfactz@gmail.com)
[info] 
     ######## #### ########  ######## ########     ###     ######  ########
     ##        ##  ##     ## ##       ##     ##  ##   ##  ##       ##
     ######    ##  ########  ######   ########  #########  ######  ######
     ##        ##  ##    ##  ##       ##     ## ##     ##       ## ##
     ##       #### ##     ## ######## ########  ##     ##  ######  ########

You're about to initialize a Firebase project in this directory:

  C:\Users\Ahdfa\OneDrive\Desktop\terminal-cv

Before we get started, keep in mind:

  * You are initializing within an existing Firebase project directory

[debug] [2024-11-13T13:45:44.543Z] <<< [apiv2][status] GET https://firebase-public.firebaseio.com/cli.json 200
[debug] [2024-11-13T13:45:44.543Z] <<< [apiv2][body] GET https://firebase-public.firebaseio.com/cli.json {"cloudBuildErrorAfter":1594252800000,"cloudBuildWarnAfter":1590019200000,"defaultNode10After":1594252800000,"minVersion":"3.0.5","node8DeploysDisabledAfter":1613390400000,"node8RuntimeDisabledAfter":1615809600000,"node8WarnAfter":1600128000000}
[debug] [2024-11-13T13:48:28.678Z] ----------------------------------------------------------------------
[debug] [2024-11-13T13:48:28.681Z] Command:       C:\Program Files\nodejs\node.exe C:\Users\Ahdfa\AppData\Roaming\npm\node_modules\firebase-tools\lib\bin\firebase.js init
[debug] [2024-11-13T13:48:28.681Z] CLI Version:   13.25.0
[debug] [2024-11-13T13:48:28.681Z] Platform:      win32
[debug] [2024-11-13T13:48:28.681Z] Node Version:  v20.17.0
[debug] [2024-11-13T13:48:28.682Z] Time:          Wed Nov 13 2024 18:48:28 GMT+0500 (Pakistan Standard Time)
[debug] [2024-11-13T13:48:28.682Z] ----------------------------------------------------------------------
[debug] 
[debug] [2024-11-13T13:48:28.759Z] > command requires scopes: ["email","openid","https://www.googleapis.com/auth/cloudplatformprojects.readonly","https://www.googleapis.com/auth/firebase","https://www.googleapis.com/auth/cloud-platform"]
[debug] [2024-11-13T13:48:28.759Z] > authorizing via signed-in user (ahdfactz@gmail.com)
[info] 
     ######## #### ########  ######## ########     ###     ######  ########
     ##        ##  ##     ## ##       ##     ##  ##   ##  ##       ##
     ######    ##  ########  ######   ########  #########  ######  ######
     ##        ##  ##    ##  ##       ##     ## ##     ##       ## ##
     ##       #### ##     ## ######## ########  ##     ##  ######  ########

You're about to initialize a Firebase project in this directory:

  C:\Users\Ahdfa\OneDrive\Desktop\terminal-cv

Before we get started, keep in mind:

  * You are initializing within an existing Firebase project directory

[info] 
=== Project Setup
[info] 
[info] First, let's associate this project directory with a Firebase project.
[info] You can create multiple project aliases by running firebase use --add, 
[info] but for now we'll just set up a default project.
[info] 
[debug] [2024-11-13T13:48:56.478Z] Using project from CLI flag: terminalcv-cff1a
[debug] [2024-11-13T13:48:56.479Z] Checked if tokens are valid: false, expires at: 1731424926532
[debug] [2024-11-13T13:48:56.480Z] Checked if tokens are valid: false, expires at: 1731424926532
[debug] [2024-11-13T13:48:56.480Z] > refreshing access token with scopes: []
[debug] [2024-11-13T13:48:56.482Z] >>> [apiv2][query] POST https://www.googleapis.com/oauth2/v3/token [none]
[debug] [2024-11-13T13:48:56.482Z] >>> [apiv2][body] POST https://www.googleapis.com/oauth2/v3/token [omitted]
[debug] [2024-11-13T13:48:56.971Z] <<< [apiv2][status] POST https://www.googleapis.com/oauth2/v3/token 200
[debug] [2024-11-13T13:48:56.971Z] <<< [apiv2][body] POST https://www.googleapis.com/oauth2/v3/token [omitted]
[debug] [2024-11-13T13:48:56.978Z] >>> [apiv2][query] GET https://firebase.googleapis.com/v1beta1/projects/terminalcv-cff1a [none]
[debug] [2024-11-13T13:48:57.585Z] <<< [apiv2][status] GET https://firebase.googleapis.com/v1beta1/projects/terminalcv-cff1a 200
[debug] [2024-11-13T13:48:57.585Z] <<< [apiv2][body] GET https://firebase.googleapis.com/v1beta1/projects/terminalcv-cff1a {"projectId":"terminalcv-cff1a","projectNumber":"683599671180","displayName":"TerminalCV","name":"projects/terminalcv-cff1a","resources":{"hostingSite":"terminalcv-cff1a"},"state":"ACTIVE","etag":"1_b6b58c30-b691-4e7d-87cc-36a41e907bad"}
[info] i  Using project terminalcv-cff1a (TerminalCV) 
[info] 
=== Functions Setup
[debug] [2024-11-13T13:48:57.589Z] > command requires scopes: ["email","openid","https://www.googleapis.com/auth/cloudplatformprojects.readonly","https://www.googleapis.com/auth/firebase","https://www.googleapis.com/auth/cloud-platform"]
[debug] [2024-11-13T13:48:57.589Z] > authorizing via signed-in user (ahdfactz@gmail.com)
[debug] [2024-11-13T13:48:57.589Z] [iam] checking project terminalcv-cff1a for permissions ["firebase.projects.get"]
[debug] [2024-11-13T13:48:57.590Z] Checked if tokens are valid: true, expires at: 1731509335971
[debug] [2024-11-13T13:48:57.590Z] Checked if tokens are valid: true, expires at: 1731509335971
[debug] [2024-11-13T13:48:57.590Z] >>> [apiv2][query] POST https://cloudresourcemanager.googleapis.com/v1/projects/terminalcv-cff1a:testIamPermissions [none]
[debug] [2024-11-13T13:48:57.590Z] >>> [apiv2][(partial)header] POST https://cloudresourcemanager.googleapis.com/v1/projects/terminalcv-cff1a:testIamPermissions x-goog-quota-user=projects/terminalcv-cff1a
[debug] [2024-11-13T13:48:57.590Z] >>> [apiv2][body] POST https://cloudresourcemanager.googleapis.com/v1/projects/terminalcv-cff1a:testIamPermissions {"permissions":["firebase.projects.get"]}
[debug] [2024-11-13T13:48:59.158Z] <<< [apiv2][status] POST https://cloudresourcemanager.googleapis.com/v1/projects/terminalcv-cff1a:testIamPermissions 200
[debug] [2024-11-13T13:48:59.159Z] <<< [apiv2][body] POST https://cloudresourcemanager.googleapis.com/v1/projects/terminalcv-cff1a:testIamPermissions {"permissions":["firebase.projects.get"]}
[debug] [2024-11-13T13:48:59.159Z] Checked if tokens are valid: true, expires at: 1731509335971
[debug] [2024-11-13T13:48:59.159Z] Checked if tokens are valid: true, expires at: 1731509335971
[debug] [2024-11-13T13:48:59.159Z] Checked if tokens are valid: true, expires at: 1731509335971
[debug] [2024-11-13T13:48:59.159Z] Checked if tokens are valid: true, expires at: 1731509335971
[debug] [2024-11-13T13:48:59.159Z] >>> [apiv2][query] GET https://serviceusage.googleapis.com/v1/projects/terminalcv-cff1a/services/cloudfunctions.googleapis.com [none]
[debug] [2024-11-13T13:48:59.159Z] >>> [apiv2][(partial)header] GET https://serviceusage.googleapis.com/v1/projects/terminalcv-cff1a/services/cloudfunctions.googleapis.com x-goog-quota-user=projects/terminalcv-cff1a
[debug] [2024-11-13T13:48:59.160Z] >>> [apiv2][query] GET https://serviceusage.googleapis.com/v1/projects/terminalcv-cff1a/services/runtimeconfig.googleapis.com [none]
[debug] [2024-11-13T13:48:59.161Z] >>> [apiv2][(partial)header] GET https://serviceusage.googleapis.com/v1/projects/terminalcv-cff1a/services/runtimeconfig.googleapis.com x-goog-quota-user=projects/terminalcv-cff1a
[debug] [2024-11-13T13:49:00.991Z] <<< [apiv2][status] GET https://serviceusage.googleapis.com/v1/projects/terminalcv-cff1a/services/runtimeconfig.googleapis.com 200
[debug] [2024-11-13T13:49:00.991Z] <<< [apiv2][body] GET https://serviceusage.googleapis.com/v1/projects/terminalcv-cff1a/services/runtimeconfig.googleapis.com [omitted]
[debug] [2024-11-13T13:49:01.045Z] <<< [apiv2][status] GET https://serviceusage.googleapis.com/v1/projects/terminalcv-cff1a/services/cloudfunctions.googleapis.com 200
[debug] [2024-11-13T13:49:01.045Z] <<< [apiv2][body] GET https://serviceusage.googleapis.com/v1/projects/terminalcv-cff1a/services/cloudfunctions.googleapis.com [omitted]
[debug] [2024-11-13T13:49:01.045Z] Checked if tokens are valid: true, expires at: 1731509335971
[debug] [2024-11-13T13:49:01.045Z] Checked if tokens are valid: true, expires at: 1731509335971
[debug] [2024-11-13T13:49:01.045Z] >>> [apiv2][query] POST https://serviceusage.googleapis.com/v1/projects/terminalcv-cff1a/services/cloudfunctions.googleapis.com:enable [none]
[debug] [2024-11-13T13:49:01.045Z] >>> [apiv2][(partial)header] POST https://serviceusage.googleapis.com/v1/projects/terminalcv-cff1a/services/cloudfunctions.googleapis.com:enable x-goog-quota-user=projects/terminalcv-cff1a
[debug] [2024-11-13T13:49:01.778Z] <<< [apiv2][status] POST https://serviceusage.googleapis.com/v1/projects/terminalcv-cff1a/services/cloudfunctions.googleapis.com:enable 200
[debug] [2024-11-13T13:49:01.778Z] <<< [apiv2][body] POST https://serviceusage.googleapis.com/v1/projects/terminalcv-cff1a/services/cloudfunctions.googleapis.com:enable [omitted]
[debug] [2024-11-13T13:49:11.790Z] Checked if tokens are valid: true, expires at: 1731509335971
[debug] [2024-11-13T13:49:11.790Z] Checked if tokens are valid: true, expires at: 1731509335971
[debug] [2024-11-13T13:49:11.790Z] >>> [apiv2][query] GET https://serviceusage.googleapis.com/v1/projects/terminalcv-cff1a/services/cloudfunctions.googleapis.com [none]
[debug] [2024-11-13T13:49:11.790Z] >>> [apiv2][(partial)header] GET https://serviceusage.googleapis.com/v1/projects/terminalcv-cff1a/services/cloudfunctions.googleapis.com x-goog-quota-user=projects/terminalcv-cff1a
[debug] [2024-11-13T13:49:13.474Z] <<< [apiv2][status] GET https://serviceusage.googleapis.com/v1/projects/terminalcv-cff1a/services/cloudfunctions.googleapis.com 200
[debug] [2024-11-13T13:49:13.474Z] <<< [apiv2][body] GET https://serviceusage.googleapis.com/v1/projects/terminalcv-cff1a/services/cloudfunctions.googleapis.com [omitted]
[info] Let's create a new codebase for your functions.
[info] A directory corresponding to the codebase will be created in your project
[info] with sample code pre-configured.

[info] See https://firebase.google.com/docs/functions/organize-functions for
[info] more information on organizing your functions using codebases.

[info] Functions can be deployed with firebase deploy.

